[2023-10-09T22:25:36.030+0000] {taskinstance.py:1159} INFO - Dependencies all met for dep_context=non-requeueable deps ti=<TaskInstance: raddit_data_pipeline.calculate_popularity manual__2023-10-09T22:10:41.444196+00:00 [queued]>
[2023-10-09T22:25:36.054+0000] {taskinstance.py:1159} INFO - Dependencies all met for dep_context=requeueable deps ti=<TaskInstance: raddit_data_pipeline.calculate_popularity manual__2023-10-09T22:10:41.444196+00:00 [queued]>
[2023-10-09T22:25:36.069+0000] {taskinstance.py:1361} INFO - Starting attempt 1 of 2
[2023-10-09T22:25:36.105+0000] {taskinstance.py:1382} INFO - Executing <Task(PythonOperator): calculate_popularity> on 2023-10-09 22:10:41.444196+00:00
[2023-10-09T22:25:36.121+0000] {standard_task_runner.py:57} INFO - Started process 113 to run task
[2023-10-09T22:25:36.132+0000] {standard_task_runner.py:84} INFO - Running: ['***', 'tasks', 'run', 'raddit_data_pipeline', 'calculate_popularity', 'manual__2023-10-09T22:10:41.444196+00:00', '--job-id', '32', '--raw', '--subdir', 'DAGS_FOLDER/raddit.py', '--cfg-path', '/tmp/tmp75xz79m8']
[2023-10-09T22:25:36.147+0000] {standard_task_runner.py:85} INFO - Job 32: Subtask calculate_popularity
[2023-10-09T22:25:36.375+0000] {task_command.py:415} INFO - Running <TaskInstance: raddit_data_pipeline.calculate_popularity manual__2023-10-09T22:10:41.444196+00:00 [running]> on host 6a31ab7c12a8
[2023-10-09T22:25:36.634+0000] {taskinstance.py:1660} INFO - Exporting env vars: AIRFLOW_CTX_DAG_OWNER='MSc DS-7029-20275335' AIRFLOW_CTX_DAG_ID='raddit_data_pipeline' AIRFLOW_CTX_TASK_ID='calculate_popularity' AIRFLOW_CTX_EXECUTION_DATE='2023-10-09T22:10:41.444196+00:00' AIRFLOW_CTX_TRY_NUMBER='1' AIRFLOW_CTX_DAG_RUN_ID='manual__2023-10-09T22:10:41.444196+00:00'
[2023-10-09T22:25:36.738+0000] {python.py:194} INFO - Done. Returned value was:    source  ... NormalizedScore
0  Reddit  ...             NaN
1  Reddit  ...             NaN
2  Reddit  ...             NaN
3  Reddit  ...             NaN
4  Reddit  ...             NaN
5  Reddit  ...             NaN
6  Reddit  ...             NaN
7  Reddit  ...             NaN
8  Reddit  ...             NaN
9  Reddit  ...             NaN

[10 rows x 15 columns]
[2023-10-09T22:25:36.830+0000] {taskinstance.py:1400} INFO - Marking task as SUCCESS. dag_id=raddit_data_pipeline, task_id=calculate_popularity, execution_date=20231009T221041, start_date=20231009T222536, end_date=20231009T222536
[2023-10-09T22:25:36.907+0000] {local_task_job_runner.py:228} INFO - Task exited with return code 0
[2023-10-09T22:25:36.961+0000] {taskinstance.py:2784} INFO - 1 downstream tasks scheduled from follow-on schedule check
