[2023-10-09T22:24:46.650+0000] {taskinstance.py:1159} INFO - Dependencies all met for dep_context=non-requeueable deps ti=<TaskInstance: raddit_data_pipeline.post_data_preparation manual__2023-10-09T21:11:04.419599+00:00 [queued]>
[2023-10-09T22:24:46.668+0000] {taskinstance.py:1159} INFO - Dependencies all met for dep_context=requeueable deps ti=<TaskInstance: raddit_data_pipeline.post_data_preparation manual__2023-10-09T21:11:04.419599+00:00 [queued]>
[2023-10-09T22:24:46.671+0000] {taskinstance.py:1361} INFO - Starting attempt 2 of 3
[2023-10-09T22:24:46.697+0000] {taskinstance.py:1382} INFO - Executing <Task(PythonOperator): post_data_preparation> on 2023-10-09 21:11:04.419599+00:00
[2023-10-09T22:24:46.711+0000] {standard_task_runner.py:57} INFO - Started process 66 to run task
[2023-10-09T22:24:46.720+0000] {standard_task_runner.py:84} INFO - Running: ['***', 'tasks', 'run', 'raddit_data_pipeline', 'post_data_preparation', 'manual__2023-10-09T21:11:04.419599+00:00', '--job-id', '24', '--raw', '--subdir', 'DAGS_FOLDER/raddit.py', '--cfg-path', '/tmp/tmpbltlxp9z']
[2023-10-09T22:24:46.727+0000] {standard_task_runner.py:85} INFO - Job 24: Subtask post_data_preparation
[2023-10-09T22:24:46.825+0000] {task_command.py:415} INFO - Running <TaskInstance: raddit_data_pipeline.post_data_preparation manual__2023-10-09T21:11:04.419599+00:00 [running]> on host 6a31ab7c12a8
[2023-10-09T22:24:46.961+0000] {taskinstance.py:1660} INFO - Exporting env vars: AIRFLOW_CTX_DAG_OWNER='MSc DS-7029-20275335' AIRFLOW_CTX_DAG_ID='raddit_data_pipeline' AIRFLOW_CTX_TASK_ID='post_data_preparation' AIRFLOW_CTX_EXECUTION_DATE='2023-10-09T21:11:04.419599+00:00' AIRFLOW_CTX_TRY_NUMBER='2' AIRFLOW_CTX_DAG_RUN_ID='manual__2023-10-09T21:11:04.419599+00:00'
[2023-10-09T22:24:46.993+0000] {python.py:194} INFO - Done. Returned value was:    source  ...           author_name
0  Reddit  ...  Old-Relationship3270
1  Reddit  ...        dancecommander
2  Reddit  ...              mikeblas
3  Reddit  ...            Handsprime
4  Reddit  ...             Jewzilla_
5  Reddit  ...  RedRedditRedemption2
6  Reddit  ...       HappyDaysMyDays
7  Reddit  ...               DJErikD
8  Reddit  ...             PalpateMe
9  Reddit  ...           DSPCrepairs

[10 rows x 10 columns]
[2023-10-09T22:24:47.183+0000] {taskinstance.py:1400} INFO - Marking task as SUCCESS. dag_id=raddit_data_pipeline, task_id=post_data_preparation, execution_date=20231009T211104, start_date=20231009T222446, end_date=20231009T222447
[2023-10-09T22:24:47.300+0000] {local_task_job_runner.py:228} INFO - Task exited with return code 0
[2023-10-09T22:24:47.406+0000] {taskinstance.py:2784} INFO - 0 downstream tasks scheduled from follow-on schedule check
