[2023-10-09T23:10:14.120+0000] {taskinstance.py:1159} INFO - Dependencies all met for dep_context=non-requeueable deps ti=<TaskInstance: youtube_data_pipeline.scrape_data manual__2023-10-09T21:13:14.360072+00:00 [queued]>
[2023-10-09T23:10:14.140+0000] {taskinstance.py:1159} INFO - Dependencies all met for dep_context=requeueable deps ti=<TaskInstance: youtube_data_pipeline.scrape_data manual__2023-10-09T21:13:14.360072+00:00 [queued]>
[2023-10-09T23:10:14.150+0000] {taskinstance.py:1361} INFO - Starting attempt 4 of 4
[2023-10-09T23:10:14.196+0000] {taskinstance.py:1382} INFO - Executing <Task(PythonOperator): scrape_data> on 2023-10-09 21:13:14.360072+00:00
[2023-10-09T23:10:14.214+0000] {standard_task_runner.py:57} INFO - Started process 1417 to run task
[2023-10-09T23:10:14.232+0000] {standard_task_runner.py:84} INFO - Running: ['***', 'tasks', 'run', 'youtube_data_pipeline', 'scrape_data', 'manual__2023-10-09T21:13:14.360072+00:00', '--job-id', '39', '--raw', '--subdir', 'DAGS_FOLDER/youtube.py', '--cfg-path', '/tmp/tmp8tqw41rn']
[2023-10-09T23:10:14.240+0000] {standard_task_runner.py:85} INFO - Job 39: Subtask scrape_data
[2023-10-09T23:10:14.332+0000] {task_command.py:415} INFO - Running <TaskInstance: youtube_data_pipeline.scrape_data manual__2023-10-09T21:13:14.360072+00:00 [running]> on host 6a31ab7c12a8
[2023-10-09T23:10:14.450+0000] {taskinstance.py:1660} INFO - Exporting env vars: AIRFLOW_CTX_DAG_OWNER='MSc DS-7029-20275335' AIRFLOW_CTX_DAG_ID='youtube_data_pipeline' AIRFLOW_CTX_TASK_ID='scrape_data' AIRFLOW_CTX_EXECUTION_DATE='2023-10-09T21:13:14.360072+00:00' AIRFLOW_CTX_TRY_NUMBER='4' AIRFLOW_CTX_DAG_RUN_ID='manual__2023-10-09T21:13:14.360072+00:00'
[2023-10-09T23:10:20.617+0000] {http.py:140} WARNING - Encountered 403 Forbidden with reason "commentsDisabled"
[2023-10-09T23:10:20.620+0000] {taskinstance.py:1943} ERROR - Task failed with exception
Traceback (most recent call last):
  File "/home/airflow/.local/lib/python3.8/site-packages/airflow/operators/python.py", line 192, in execute
    return_value = self.execute_callable()
  File "/home/airflow/.local/lib/python3.8/site-packages/airflow/operators/python.py", line 209, in execute_callable
    return self.python_callable(*self.op_args, **self.op_kwargs)
  File "/opt/airflow/dags/youtube.py", line 145, in scrape_data
    video_comment_response = youtube.commentThreads().list(
  File "/home/airflow/.local/lib/python3.8/site-packages/googleapiclient/_helpers.py", line 130, in positional_wrapper
    return wrapped(*args, **kwargs)
  File "/home/airflow/.local/lib/python3.8/site-packages/googleapiclient/http.py", line 938, in execute
    raise HttpError(resp, content, uri=self.uri)
googleapiclient.errors.HttpError: <HttpError 403 when requesting https://youtube.googleapis.com/youtube/v3/commentThreads?part=snippet&videoId=QWUDHqYKaG8&textFormat=plainText&key=AIzaSyD-uO1hyk2x-gzoWrdByiwFqaCZuS1wwF8&alt=json returned "The video identified by the <code><a href="/youtube/v3/docs/commentThreads/list#videoId">videoId</a></code> parameter has disabled comments.". Details: "[{'message': 'The video identified by the <code><a href="/youtube/v3/docs/commentThreads/list#videoId">videoId</a></code> parameter has disabled comments.', 'domain': 'youtube.commentThread', 'reason': 'commentsDisabled', 'location': 'videoId', 'locationType': 'parameter'}]">
[2023-10-09T23:10:20.653+0000] {taskinstance.py:1400} INFO - Marking task as FAILED. dag_id=youtube_data_pipeline, task_id=scrape_data, execution_date=20231009T211314, start_date=20231009T231014, end_date=20231009T231020
[2023-10-09T23:10:20.690+0000] {standard_task_runner.py:104} ERROR - Failed to execute job 39 for task scrape_data (<HttpError 403 when requesting https://youtube.googleapis.com/youtube/v3/commentThreads?part=snippet&videoId=QWUDHqYKaG8&textFormat=plainText&key=AIzaSyD-uO1hyk2x-gzoWrdByiwFqaCZuS1wwF8&alt=json returned "The video identified by the <code><a href="/youtube/v3/docs/commentThreads/list#videoId">videoId</a></code> parameter has disabled comments.". Details: "[{'message': 'The video identified by the <code><a href="/youtube/v3/docs/commentThreads/list#videoId">videoId</a></code> parameter has disabled comments.', 'domain': 'youtube.commentThread', 'reason': 'commentsDisabled', 'location': 'videoId', 'locationType': 'parameter'}]">; 1417)
[2023-10-09T23:10:20.739+0000] {local_task_job_runner.py:228} INFO - Task exited with return code 1
[2023-10-09T23:10:20.796+0000] {taskinstance.py:2784} INFO - 0 downstream tasks scheduled from follow-on schedule check
